<?xml version="1.0" encoding="UTF-8"?>
<!-- Generated by org.testng.reporters.JUnitReportReporter -->
<testsuite hostname="DESKTOP-09QOKP7" failures="0" tests="1" name="MyRunner.TestRunner" time="11.971" errors="0" timestamp="02 Apr. 2023 16:10:09 GMT" skipped="0">
  <testcase classname="MyRunner.TestRunner" name="feature" time="11.971"/>
</testsuite> <!-- MyRunner.TestRunner -->
